<?xml version="1.0" encoding="UTF-8"?>
<testsuite xmlns:xsi="http://www.w3.org/2001/XMLSchema-instance" xsi:schemaLocation="https://maven.apache.org/surefire/maven-surefire-plugin/xsd/surefire-test-report.xsd" name="TestSuite" time="811.838" tests="13" errors="0" skipped="0" failures="2">
  <properties>
[...]
</properties>
  <testcase name="frontEndTesting" classname="testcases.TextmercatoEndEndFlow" time="112.356"/>
  <testcase name="manager_profilepage" classname="testcases.TextmercatoEndEndFlow" time="15.147"/>
  <testcase name="manager_CreateProject" classname="testcases.TextmercatoEndEndFlow" time="137.506"/>
  <testcase name="writer_SubmitArticles" classname="testcases.TextmercatoEndEndFlow" time="75.913"/>
  <testcase name="manager_ReviewArticles" classname="testcases.TextmercatoEndEndFlow" time="42.09"/>
  <testcase name="editor_ApproveAndRejectArticles" classname="testcases.TextmercatoEndEndFlow" time="57.635"/>
  <testcase name="manager_reviewArticlesSubmittedByEditor" classname="testcases.TextmercatoEndEndFlow" time="55.353"/>
  <testcase name="writer_ReworkOnArticles" classname="testcases.TextmercatoEndEndFlow" time="117.851"/>
  <testcase name="manager_ApproveReworkArticles" classname="testcases.TextmercatoEndEndFlow" time="37.082"/>
  <testcase name="wrtiter_VerifyProjCompleted" classname="testcases.TextmercatoEndEndFlow" time="23.416"/>
  <testcase name="manager_Tickets" classname="testcases.TextmercatoEndEndFlow" time="18.024"/>
  <testcase name="manager_Messages" classname="testcases.TextmercatoEndEndFlow" time="69.123">
    <failure type="java.lang.NullPointerException">java.lang.NullPointerException
	at testcases.TextmercatoEndEndFlow.manager_Messages(TextmercatoEndEndFlow.java:191)
</failure>
    <system-out><![CDATA[
]]></system-out>
    <system-err><![CDATA[Starting ChromeDriver 2.38.552522 (437e6fbedfa8762dec75e2c5b3ddb86763dc9dcb) on port 4783
Only local connections are allowed.
Aug 03, 2018 6:21:58 PM org.openqa.selenium.remote.ProtocolHandshake createSession
INFO: Detected dialect: OSS
]]></system-err>
  </testcase>
  <testcase name="dashboardClientpage" classname="testcases.TextmercatoEndEndFlow" time="40.496">
    <failure message="unknown error: Element &lt;input client_id=&quot;68&quot; style=&quot; width:100%; &quot; title=&quot;Mark as Paid&quot; class=&quot;mark_as_paid_datepicker client_id68&quot; amount_to_be_paid=&quot;5664&quot; amount_paid_by_client=&quot;&quot; readonly=&quot;1&quot;&gt; is not clickable at point (931, 14). Other element would receive the click: &lt;div class=&quot;modal bootstrap-dialog type-primary fade size-normal in&quot; role=&quot;dialog&quot; aria-hidden=&quot;true&quot; id=&quot;80153e2b-bcef-4d67-ad2f-b5405b354f84&quot; aria-labelledby=&quot;80153e2b-bcef-4d67-ad2f-b5405b354f84_title&quot; tabindex=&quot;-1&quot; style=&quot;z-index: 1050; display: block; padding-right: 15px;&quot;&gt;...&lt;/div&gt;&#10;  (Session info: chrome=68.0.3440.84)&#10;  (Driver info: chromedriver=2.38.552522 (437e6fbedfa8762dec75e2c5b3ddb86763dc9dcb),platform=Linux 4.15.0-29-generic x86_64) (WARNING: The server did not provide any stacktrace information)&#10;Command duration or timeout: 0 milliseconds&#10;Build info: version: &apos;3.11.0&apos;, revision: &apos;e59cfb3&apos;, time: &apos;2018-03-11T20:26:55.152Z&apos;&#10;System info: host: &apos;text-OptiPlex-3010&apos;, ip: &apos;127.0.1.1&apos;, os.name: &apos;Linux&apos;, os.arch: &apos;amd64&apos;, os.version: &apos;4.15.0-29-generic&apos;, java.version: &apos;1.8.0_181&apos;&#10;Driver info: org.openqa.selenium.chrome.ChromeDriver&#10;Capabilities {acceptInsecureCerts: false, acceptSslCerts: false, applicationCacheEnabled: false, browserConnectionEnabled: false, browserName: chrome, chrome: {chromedriverVersion: 2.38.552522 (437e6fbedfa876..., userDataDir: /tmp/.org.chromium.Chromium...}, cssSelectorsEnabled: true, databaseEnabled: false, handlesAlerts: true, hasTouchScreen: false, javascriptEnabled: true, locationContextEnabled: true, mobileEmulationEnabled: false, nativeEvents: true, networkConnectionEnabled: false, pageLoadStrategy: normal, platform: LINUX, platformName: LINUX, rotatable: false, setWindowRect: true, takesHeapSnapshot: true, takesScreenshot: true, unexpectedAlertBehaviour: , unhandledPromptBehavior: , version: 68.0.3440.84, webStorageEnabled: true}&#10;Session ID: a0cb8a7a797c93535e3c6b051b6c0bb2" type="org.openqa.selenium.WebDriverException"><![CDATA[org.openqa.selenium.WebDriverException: 
unknown error: Element <input client_id="68" style=" width:100%; " title="Mark as Paid" class="mark_as_paid_datepicker client_id68" amount_to_be_paid="5664" amount_paid_by_client="" readonly="1"> is not clickable at point (931, 14). Other element would receive the click: <div class="modal bootstrap-dialog type-primary fade size-normal in" role="dialog" aria-hidden="true" id="80153e2b-bcef-4d67-ad2f-b5405b354f84" aria-labelledby="80153e2b-bcef-4d67-ad2f-b5405b354f84_title" tabindex="-1" style="z-index: 1050; display: block; padding-right: 15px;">...</div>
  (Session info: chrome=68.0.3440.84)
  (Driver info: chromedriver=2.38.552522 (437e6fbedfa8762dec75e2c5b3ddb86763dc9dcb),platform=Linux 4.15.0-29-generic x86_64) (WARNING: The server did not provide any stacktrace information)
Command duration or timeout: 0 milliseconds
Build info: version: '3.11.0', revision: 'e59cfb3', time: '2018-03-11T20:26:55.152Z'
System info: host: 'text-OptiPlex-3010', ip: '127.0.1.1', os.name: 'Linux', os.arch: 'amd64', os.version: '4.15.0-29-generic', java.version: '1.8.0_181'
Driver info: org.openqa.selenium.chrome.ChromeDriver
Capabilities {acceptInsecureCerts: false, acceptSslCerts: false, applicationCacheEnabled: false, browserConnectionEnabled: false, browserName: chrome, chrome: {chromedriverVersion: 2.38.552522 (437e6fbedfa876..., userDataDir: /tmp/.org.chromium.Chromium...}, cssSelectorsEnabled: true, databaseEnabled: false, handlesAlerts: true, hasTouchScreen: false, javascriptEnabled: true, locationContextEnabled: true, mobileEmulationEnabled: false, nativeEvents: true, networkConnectionEnabled: false, pageLoadStrategy: normal, platform: LINUX, platformName: LINUX, rotatable: false, setWindowRect: true, takesHeapSnapshot: true, takesScreenshot: true, unexpectedAlertBehaviour: , unhandledPromptBehavior: , version: 68.0.3440.84, webStorageEnabled: true}
Session ID: a0cb8a7a797c93535e3c6b051b6c0bb2
	at testcases.TextmercatoEndEndFlow.dashboardClientpage(TextmercatoEndEndFlow.java:207)
]]></failure>
    <system-out><![CDATA[/home/text/Documents/StableFramework020818/SeleniumFrameworkcomp\Results\manager_Messages.png
]]></system-out>
    <system-err><![CDATA[Starting ChromeDriver 2.38.552522 (437e6fbedfa8762dec75e2c5b3ddb86763dc9dcb) on port 3710
Only local connections are allowed.
Aug 03, 2018 6:23:08 PM org.openqa.selenium.remote.ProtocolHandshake createSession
INFO: Detected dialect: OSS
]]></system-err>
  </testcase>
</testsuite>