<?xml version="1.0" encoding="UTF-8"?>
<testng-results skipped="0" failed="2" total="13" passed="11">
  <reporter-output>
  </reporter-output>
  <suite name="Suite" duration-ms="811161" started-at="2018-08-03T12:40:18Z" finished-at="2018-08-03T12:53:49Z">
    <groups>
    </groups>
    <test name="TestName" duration-ms="811161" started-at="2018-08-03T12:40:18Z" finished-at="2018-08-03T12:53:49Z">
      <class name="testcases.TextmercatoEndEndFlow">
        <test-method status="PASS" signature="CreateTestLogPath()[pri:0, instance:testcases.TextmercatoEndEndFlow@3f49dace]" name="CreateTestLogPath" is-config="true" duration-ms="6" started-at="2018-08-03T18:10:18Z" finished-at="2018-08-03T18:10:18Z">
          <reporter-output>
          </reporter-output>
        </test-method> <!-- CreateTestLogPath -->
        <test-method status="PASS" signature="invokeBrowser()[pri:0, instance:testcases.TextmercatoEndEndFlow@3f49dace]" name="invokeBrowser" is-config="true" duration-ms="0" started-at="2018-08-03T18:10:18Z" finished-at="2018-08-03T18:10:18Z">
          <reporter-output>
          </reporter-output>
        </test-method> <!-- invokeBrowser -->
        <test-method status="PASS" signature="setUp(java.lang.reflect.Method)[pri:0, instance:testcases.TextmercatoEndEndFlow@3f49dace]" name="setUp" is-config="true" duration-ms="2028" started-at="2018-08-03T18:10:18Z" finished-at="2018-08-03T18:10:20Z">
          <params>
            <param index="0">
              <value>
                <![CDATA[public void testcases.TextmercatoEndEndFlow.frontEndTesting()]]>
              </value>
            </param>
          </params>
          <reporter-output>
          </reporter-output>
        </test-method> <!-- setUp -->
        <test-method status="PASS" signature="frontEndTesting()[pri:0, instance:testcases.TextmercatoEndEndFlow@3f49dace]" name="frontEndTesting" duration-ms="112355" started-at="2018-08-03T18:10:20Z" finished-at="2018-08-03T18:12:12Z">
          <reporter-output>
          </reporter-output>
        </test-method> <!-- frontEndTesting -->
        <test-method status="PASS" signature="reportWrapUp(org.testng.ITestResult, java.lang.reflect.Method)[pri:0, instance:testcases.TextmercatoEndEndFlow@3f49dace]" name="reportWrapUp" is-config="true" duration-ms="76" started-at="2018-08-03T18:12:12Z" finished-at="2018-08-03T18:12:12Z">
          <params>
            <param index="0">
              <value>
                <![CDATA[[TestResult name=frontEndTesting status=SUCCESS method=TextmercatoEndEndFlow.frontEndTesting()[pri:0, instance:testcases.TextmercatoEndEndFlow@3f49dace] output={null}]]]>
              </value>
            </param>
            <param index="1">
              <value>
                <![CDATA[public void testcases.TextmercatoEndEndFlow.frontEndTesting()]]>
              </value>
            </param>
          </params>
          <reporter-output>
          </reporter-output>
        </test-method> <!-- reportWrapUp -->
        <test-method status="PASS" signature="setUp(java.lang.reflect.Method)[pri:0, instance:testcases.TextmercatoEndEndFlow@3f49dace]" name="setUp" is-config="true" duration-ms="490" started-at="2018-08-03T18:12:12Z" finished-at="2018-08-03T18:12:12Z">
          <params>
            <param index="0">
              <value>
                <![CDATA[public void testcases.TextmercatoEndEndFlow.manager_profilepage()]]>
              </value>
            </param>
          </params>
          <reporter-output>
          </reporter-output>
        </test-method> <!-- setUp -->
        <test-method status="PASS" signature="manager_profilepage()[pri:1, instance:testcases.TextmercatoEndEndFlow@3f49dace]" name="manager_profilepage" duration-ms="15146" started-at="2018-08-03T18:12:12Z" finished-at="2018-08-03T18:12:28Z">
          <reporter-output>
          </reporter-output>
        </test-method> <!-- manager_profilepage -->
        <test-method status="PASS" signature="reportWrapUp(org.testng.ITestResult, java.lang.reflect.Method)[pri:0, instance:testcases.TextmercatoEndEndFlow@3f49dace]" name="reportWrapUp" is-config="true" duration-ms="72" started-at="2018-08-03T18:12:28Z" finished-at="2018-08-03T18:12:28Z">
          <params>
            <param index="0">
              <value>
                <![CDATA[[TestResult name=manager_profilepage status=SUCCESS method=TextmercatoEndEndFlow.manager_profilepage()[pri:1, instance:testcases.TextmercatoEndEndFlow@3f49dace] output={null}]]]>
              </value>
            </param>
            <param index="1">
              <value>
                <![CDATA[public void testcases.TextmercatoEndEndFlow.manager_profilepage()]]>
              </value>
            </param>
          </params>
          <reporter-output>
          </reporter-output>
        </test-method> <!-- reportWrapUp -->
        <test-method status="PASS" signature="setUp(java.lang.reflect.Method)[pri:0, instance:testcases.TextmercatoEndEndFlow@3f49dace]" name="setUp" is-config="true" duration-ms="462" started-at="2018-08-03T18:12:28Z" finished-at="2018-08-03T18:12:28Z">
          <params>
            <param index="0">
              <value>
                <![CDATA[public void testcases.TextmercatoEndEndFlow.manager_CreateProject()]]>
              </value>
            </param>
          </params>
          <reporter-output>
          </reporter-output>
        </test-method> <!-- setUp -->
        <test-method status="PASS" signature="manager_CreateProject()[pri:2, instance:testcases.TextmercatoEndEndFlow@3f49dace]" name="manager_CreateProject" duration-ms="137505" started-at="2018-08-03T18:12:28Z" finished-at="2018-08-03T18:14:46Z">
          <reporter-output>
          </reporter-output>
        </test-method> <!-- manager_CreateProject -->
        <test-method status="PASS" signature="reportWrapUp(org.testng.ITestResult, java.lang.reflect.Method)[pri:0, instance:testcases.TextmercatoEndEndFlow@3f49dace]" name="reportWrapUp" is-config="true" duration-ms="75" started-at="2018-08-03T18:14:46Z" finished-at="2018-08-03T18:14:46Z">
          <params>
            <param index="0">
              <value>
                <![CDATA[[TestResult name=manager_CreateProject status=SUCCESS method=TextmercatoEndEndFlow.manager_CreateProject()[pri:2, instance:testcases.TextmercatoEndEndFlow@3f49dace] output={null}]]]>
              </value>
            </param>
            <param index="1">
              <value>
                <![CDATA[public void testcases.TextmercatoEndEndFlow.manager_CreateProject()]]>
              </value>
            </param>
          </params>
          <reporter-output>
          </reporter-output>
        </test-method> <!-- reportWrapUp -->
        <test-method status="PASS" signature="setUp(java.lang.reflect.Method)[pri:0, instance:testcases.TextmercatoEndEndFlow@3f49dace]" name="setUp" is-config="true" duration-ms="486" started-at="2018-08-03T18:14:46Z" finished-at="2018-08-03T18:14:46Z">
          <params>
            <param index="0">
              <value>
                <![CDATA[public void testcases.TextmercatoEndEndFlow.writer_SubmitArticles()]]>
              </value>
            </param>
          </params>
          <reporter-output>
          </reporter-output>
        </test-method> <!-- setUp -->
        <test-method status="PASS" signature="writer_SubmitArticles()[pri:3, instance:testcases.TextmercatoEndEndFlow@3f49dace]" name="writer_SubmitArticles" duration-ms="75914" started-at="2018-08-03T18:14:46Z" finished-at="2018-08-03T18:16:02Z">
          <reporter-output>
          </reporter-output>
        </test-method> <!-- writer_SubmitArticles -->
        <test-method status="PASS" signature="reportWrapUp(org.testng.ITestResult, java.lang.reflect.Method)[pri:0, instance:testcases.TextmercatoEndEndFlow@3f49dace]" name="reportWrapUp" is-config="true" duration-ms="73" started-at="2018-08-03T18:16:02Z" finished-at="2018-08-03T18:16:02Z">
          <params>
            <param index="0">
              <value>
                <![CDATA[[TestResult name=writer_SubmitArticles status=SUCCESS method=TextmercatoEndEndFlow.writer_SubmitArticles()[pri:3, instance:testcases.TextmercatoEndEndFlow@3f49dace] output={null}]]]>
              </value>
            </param>
            <param index="1">
              <value>
                <![CDATA[public void testcases.TextmercatoEndEndFlow.writer_SubmitArticles()]]>
              </value>
            </param>
          </params>
          <reporter-output>
          </reporter-output>
        </test-method> <!-- reportWrapUp -->
        <test-method status="PASS" signature="setUp(java.lang.reflect.Method)[pri:0, instance:testcases.TextmercatoEndEndFlow@3f49dace]" name="setUp" is-config="true" duration-ms="524" started-at="2018-08-03T18:16:02Z" finished-at="2018-08-03T18:16:03Z">
          <params>
            <param index="0">
              <value>
                <![CDATA[public void testcases.TextmercatoEndEndFlow.manager_ReviewArticles()]]>
              </value>
            </param>
          </params>
          <reporter-output>
          </reporter-output>
        </test-method> <!-- setUp -->
        <test-method status="PASS" signature="manager_ReviewArticles()[pri:4, instance:testcases.TextmercatoEndEndFlow@3f49dace]" name="manager_ReviewArticles" duration-ms="42090" started-at="2018-08-03T18:16:03Z" finished-at="2018-08-03T18:16:45Z">
          <reporter-output>
          </reporter-output>
        </test-method> <!-- manager_ReviewArticles -->
        <test-method status="PASS" signature="reportWrapUp(org.testng.ITestResult, java.lang.reflect.Method)[pri:0, instance:testcases.TextmercatoEndEndFlow@3f49dace]" name="reportWrapUp" is-config="true" duration-ms="73" started-at="2018-08-03T18:16:45Z" finished-at="2018-08-03T18:16:45Z">
          <params>
            <param index="0">
              <value>
                <![CDATA[[TestResult name=manager_ReviewArticles status=SUCCESS method=TextmercatoEndEndFlow.manager_ReviewArticles()[pri:4, instance:testcases.TextmercatoEndEndFlow@3f49dace] output={null}]]]>
              </value>
            </param>
            <param index="1">
              <value>
                <![CDATA[public void testcases.TextmercatoEndEndFlow.manager_ReviewArticles()]]>
              </value>
            </param>
          </params>
          <reporter-output>
          </reporter-output>
        </test-method> <!-- reportWrapUp -->
        <test-method status="PASS" signature="setUp(java.lang.reflect.Method)[pri:0, instance:testcases.TextmercatoEndEndFlow@3f49dace]" name="setUp" is-config="true" duration-ms="509" started-at="2018-08-03T18:16:45Z" finished-at="2018-08-03T18:16:45Z">
          <params>
            <param index="0">
              <value>
                <![CDATA[public void testcases.TextmercatoEndEndFlow.editor_ApproveAndRejectArticles()]]>
              </value>
            </param>
          </params>
          <reporter-output>
          </reporter-output>
        </test-method> <!-- setUp -->
        <test-method status="PASS" signature="editor_ApproveAndRejectArticles()[pri:5, instance:testcases.TextmercatoEndEndFlow@3f49dace]" name="editor_ApproveAndRejectArticles" duration-ms="57635" started-at="2018-08-03T18:16:45Z" finished-at="2018-08-03T18:17:43Z">
          <reporter-output>
          </reporter-output>
        </test-method> <!-- editor_ApproveAndRejectArticles -->
        <test-method status="PASS" signature="reportWrapUp(org.testng.ITestResult, java.lang.reflect.Method)[pri:0, instance:testcases.TextmercatoEndEndFlow@3f49dace]" name="reportWrapUp" is-config="true" duration-ms="72" started-at="2018-08-03T18:17:43Z" finished-at="2018-08-03T18:17:43Z">
          <params>
            <param index="0">
              <value>
                <![CDATA[[TestResult name=editor_ApproveAndRejectArticles status=SUCCESS method=TextmercatoEndEndFlow.editor_ApproveAndRejectArticles()[pri:5, instance:testcases.TextmercatoEndEndFlow@3f49dace] output={null}]]]>
              </value>
            </param>
            <param index="1">
              <value>
                <![CDATA[public void testcases.TextmercatoEndEndFlow.editor_ApproveAndRejectArticles()]]>
              </value>
            </param>
          </params>
          <reporter-output>
          </reporter-output>
        </test-method> <!-- reportWrapUp -->
        <test-method status="PASS" signature="setUp(java.lang.reflect.Method)[pri:0, instance:testcases.TextmercatoEndEndFlow@3f49dace]" name="setUp" is-config="true" duration-ms="495" started-at="2018-08-03T18:17:43Z" finished-at="2018-08-03T18:17:44Z">
          <params>
            <param index="0">
              <value>
                <![CDATA[public void testcases.TextmercatoEndEndFlow.manager_reviewArticlesSubmittedByEditor()]]>
              </value>
            </param>
          </params>
          <reporter-output>
          </reporter-output>
        </test-method> <!-- setUp -->
        <test-method status="PASS" signature="manager_reviewArticlesSubmittedByEditor()[pri:6, instance:testcases.TextmercatoEndEndFlow@3f49dace]" name="manager_reviewArticlesSubmittedByEditor" duration-ms="55353" started-at="2018-08-03T18:17:44Z" finished-at="2018-08-03T18:18:39Z">
          <reporter-output>
          </reporter-output>
        </test-method> <!-- manager_reviewArticlesSubmittedByEditor -->
        <test-method status="PASS" signature="reportWrapUp(org.testng.ITestResult, java.lang.reflect.Method)[pri:0, instance:testcases.TextmercatoEndEndFlow@3f49dace]" name="reportWrapUp" is-config="true" duration-ms="71" started-at="2018-08-03T18:18:39Z" finished-at="2018-08-03T18:18:39Z">
          <params>
            <param index="0">
              <value>
                <![CDATA[[TestResult name=manager_reviewArticlesSubmittedByEditor status=SUCCESS method=TextmercatoEndEndFlow.manager_reviewArticlesSubmittedByEditor()[pri:6, instance:testcases.TextmercatoEndEndFlow@3f49dace] output={null}]]]>
              </value>
            </param>
            <param index="1">
              <value>
                <![CDATA[public void testcases.TextmercatoEndEndFlow.manager_reviewArticlesSubmittedByEditor()]]>
              </value>
            </param>
          </params>
          <reporter-output>
          </reporter-output>
        </test-method> <!-- reportWrapUp -->
        <test-method status="PASS" signature="setUp(java.lang.reflect.Method)[pri:0, instance:testcases.TextmercatoEndEndFlow@3f49dace]" name="setUp" is-config="true" duration-ms="508" started-at="2018-08-03T18:18:39Z" finished-at="2018-08-03T18:18:40Z">
          <params>
            <param index="0">
              <value>
                <![CDATA[public void testcases.TextmercatoEndEndFlow.writer_ReworkOnArticles()]]>
              </value>
            </param>
          </params>
          <reporter-output>
          </reporter-output>
        </test-method> <!-- setUp -->
        <test-method status="PASS" signature="writer_ReworkOnArticles()[pri:7, instance:testcases.TextmercatoEndEndFlow@3f49dace]" name="writer_ReworkOnArticles" duration-ms="117851" started-at="2018-08-03T18:18:40Z" finished-at="2018-08-03T18:20:37Z">
          <reporter-output>
          </reporter-output>
        </test-method> <!-- writer_ReworkOnArticles -->
        <test-method status="PASS" signature="reportWrapUp(org.testng.ITestResult, java.lang.reflect.Method)[pri:0, instance:testcases.TextmercatoEndEndFlow@3f49dace]" name="reportWrapUp" is-config="true" duration-ms="74" started-at="2018-08-03T18:20:37Z" finished-at="2018-08-03T18:20:37Z">
          <params>
            <param index="0">
              <value>
                <![CDATA[[TestResult name=writer_ReworkOnArticles status=SUCCESS method=TextmercatoEndEndFlow.writer_ReworkOnArticles()[pri:7, instance:testcases.TextmercatoEndEndFlow@3f49dace] output={null}]]]>
              </value>
            </param>
            <param index="1">
              <value>
                <![CDATA[public void testcases.TextmercatoEndEndFlow.writer_ReworkOnArticles()]]>
              </value>
            </param>
          </params>
          <reporter-output>
          </reporter-output>
        </test-method> <!-- reportWrapUp -->
        <test-method status="PASS" signature="setUp(java.lang.reflect.Method)[pri:0, instance:testcases.TextmercatoEndEndFlow@3f49dace]" name="setUp" is-config="true" duration-ms="480" started-at="2018-08-03T18:20:37Z" finished-at="2018-08-03T18:20:38Z">
          <params>
            <param index="0">
              <value>
                <![CDATA[public void testcases.TextmercatoEndEndFlow.manager_ApproveReworkArticles()]]>
              </value>
            </param>
          </params>
          <reporter-output>
          </reporter-output>
        </test-method> <!-- setUp -->
        <test-method status="PASS" signature="manager_ApproveReworkArticles()[pri:8, instance:testcases.TextmercatoEndEndFlow@3f49dace]" name="manager_ApproveReworkArticles" duration-ms="37082" started-at="2018-08-03T18:20:38Z" finished-at="2018-08-03T18:21:15Z">
          <reporter-output>
          </reporter-output>
        </test-method> <!-- manager_ApproveReworkArticles -->
        <test-method status="PASS" signature="reportWrapUp(org.testng.ITestResult, java.lang.reflect.Method)[pri:0, instance:testcases.TextmercatoEndEndFlow@3f49dace]" name="reportWrapUp" is-config="true" duration-ms="73" started-at="2018-08-03T18:21:15Z" finished-at="2018-08-03T18:21:15Z">
          <params>
            <param index="0">
              <value>
                <![CDATA[[TestResult name=manager_ApproveReworkArticles status=SUCCESS method=TextmercatoEndEndFlow.manager_ApproveReworkArticles()[pri:8, instance:testcases.TextmercatoEndEndFlow@3f49dace] output={null}]]]>
              </value>
            </param>
            <param index="1">
              <value>
                <![CDATA[public void testcases.TextmercatoEndEndFlow.manager_ApproveReworkArticles()]]>
              </value>
            </param>
          </params>
          <reporter-output>
          </reporter-output>
        </test-method> <!-- reportWrapUp -->
        <test-method status="PASS" signature="setUp(java.lang.reflect.Method)[pri:0, instance:testcases.TextmercatoEndEndFlow@3f49dace]" name="setUp" is-config="true" duration-ms="470" started-at="2018-08-03T18:21:15Z" finished-at="2018-08-03T18:21:16Z">
          <params>
            <param index="0">
              <value>
                <![CDATA[public void testcases.TextmercatoEndEndFlow.wrtiter_VerifyProjCompleted()]]>
              </value>
            </param>
          </params>
          <reporter-output>
          </reporter-output>
        </test-method> <!-- setUp -->
        <test-method status="PASS" signature="wrtiter_VerifyProjCompleted()[pri:9, instance:testcases.TextmercatoEndEndFlow@3f49dace]" name="wrtiter_VerifyProjCompleted" duration-ms="23415" started-at="2018-08-03T18:21:16Z" finished-at="2018-08-03T18:21:39Z">
          <reporter-output>
          </reporter-output>
        </test-method> <!-- wrtiter_VerifyProjCompleted -->
        <test-method status="PASS" signature="reportWrapUp(org.testng.ITestResult, java.lang.reflect.Method)[pri:0, instance:testcases.TextmercatoEndEndFlow@3f49dace]" name="reportWrapUp" is-config="true" duration-ms="69" started-at="2018-08-03T18:21:39Z" finished-at="2018-08-03T18:21:39Z">
          <params>
            <param index="0">
              <value>
                <![CDATA[[TestResult name=wrtiter_VerifyProjCompleted status=SUCCESS method=TextmercatoEndEndFlow.wrtiter_VerifyProjCompleted()[pri:9, instance:testcases.TextmercatoEndEndFlow@3f49dace] output={null}]]]>
              </value>
            </param>
            <param index="1">
              <value>
                <![CDATA[public void testcases.TextmercatoEndEndFlow.wrtiter_VerifyProjCompleted()]]>
              </value>
            </param>
          </params>
          <reporter-output>
          </reporter-output>
        </test-method> <!-- reportWrapUp -->
        <test-method status="PASS" signature="setUp(java.lang.reflect.Method)[pri:0, instance:testcases.TextmercatoEndEndFlow@3f49dace]" name="setUp" is-config="true" duration-ms="497" started-at="2018-08-03T18:21:39Z" finished-at="2018-08-03T18:21:40Z">
          <params>
            <param index="0">
              <value>
                <![CDATA[public void testcases.TextmercatoEndEndFlow.manager_Tickets()]]>
              </value>
            </param>
          </params>
          <reporter-output>
          </reporter-output>
        </test-method> <!-- setUp -->
        <test-method status="PASS" signature="manager_Tickets()[pri:10, instance:testcases.TextmercatoEndEndFlow@3f49dace]" name="manager_Tickets" duration-ms="18023" started-at="2018-08-03T18:21:40Z" finished-at="2018-08-03T18:21:58Z">
          <reporter-output>
          </reporter-output>
        </test-method> <!-- manager_Tickets -->
        <test-method status="PASS" signature="reportWrapUp(org.testng.ITestResult, java.lang.reflect.Method)[pri:0, instance:testcases.TextmercatoEndEndFlow@3f49dace]" name="reportWrapUp" is-config="true" duration-ms="70" started-at="2018-08-03T18:21:58Z" finished-at="2018-08-03T18:21:58Z">
          <params>
            <param index="0">
              <value>
                <![CDATA[[TestResult name=manager_Tickets status=SUCCESS method=TextmercatoEndEndFlow.manager_Tickets()[pri:10, instance:testcases.TextmercatoEndEndFlow@3f49dace] output={null}]]]>
              </value>
            </param>
            <param index="1">
              <value>
                <![CDATA[public void testcases.TextmercatoEndEndFlow.manager_Tickets()]]>
              </value>
            </param>
          </params>
          <reporter-output>
          </reporter-output>
        </test-method> <!-- reportWrapUp -->
        <test-method status="PASS" signature="setUp(java.lang.reflect.Method)[pri:0, instance:testcases.TextmercatoEndEndFlow@3f49dace]" name="setUp" is-config="true" duration-ms="471" started-at="2018-08-03T18:21:58Z" finished-at="2018-08-03T18:21:58Z">
          <params>
            <param index="0">
              <value>
                <![CDATA[public void testcases.TextmercatoEndEndFlow.manager_Messages()]]>
              </value>
            </param>
          </params>
          <reporter-output>
          </reporter-output>
        </test-method> <!-- setUp -->
        <test-method status="FAIL" signature="manager_Messages()[pri:11, instance:testcases.TextmercatoEndEndFlow@3f49dace]" name="manager_Messages" duration-ms="69113" started-at="2018-08-03T18:21:58Z" finished-at="2018-08-03T18:23:07Z">
          <exception class="java.lang.NullPointerException">
            <full-stacktrace>
              <![CDATA[java.lang.NullPointerException
	at pageobjects.Manager.DashboardPage.Uplodfile(DashboardPage.java:513)
	at pageobjects.Manager.DashboardPage.Compose(DashboardPage.java:529)
	at pageobjects.Manager.DashboardPage.Message(DashboardPage.java:534)
	at testcases.TextmercatoEndEndFlow.manager_Messages(TextmercatoEndEndFlow.java:191)
	at sun.reflect.NativeMethodAccessorImpl.invoke0(Native Method)
	at sun.reflect.NativeMethodAccessorImpl.invoke(NativeMethodAccessorImpl.java:62)
	at sun.reflect.DelegatingMethodAccessorImpl.invoke(DelegatingMethodAccessorImpl.java:43)
	at java.lang.reflect.Method.invoke(Method.java:498)
	at org.testng.internal.MethodInvocationHelper.invokeMethod(MethodInvocationHelper.java:85)
	at org.testng.internal.Invoker.invokeMethod(Invoker.java:639)
	at org.testng.internal.Invoker.invokeTestMethod(Invoker.java:816)
	at org.testng.internal.Invoker.invokeTestMethods(Invoker.java:1124)
	at org.testng.internal.TestMethodWorker.invokeTestMethods(TestMethodWorker.java:125)
	at org.testng.internal.TestMethodWorker.run(TestMethodWorker.java:108)
	at org.testng.TestRunner.privateRun(TestRunner.java:774)
	at org.testng.TestRunner.run(TestRunner.java:624)
	at org.testng.SuiteRunner.runTest(SuiteRunner.java:359)
	at org.testng.SuiteRunner.runSequentially(SuiteRunner.java:354)
	at org.testng.SuiteRunner.privateRun(SuiteRunner.java:312)
	at org.testng.SuiteRunner.run(SuiteRunner.java:261)
	at org.testng.SuiteRunnerWorker.runSuite(SuiteRunnerWorker.java:52)
	at org.testng.SuiteRunnerWorker.run(SuiteRunnerWorker.java:86)
	at org.testng.TestNG.runSuitesSequentially(TestNG.java:1191)
	at org.testng.TestNG.runSuitesLocally(TestNG.java:1116)
	at org.testng.TestNG.run(TestNG.java:1024)
	at org.apache.maven.surefire.testng.TestNGExecutor.run(TestNGExecutor.java:281)
	at org.apache.maven.surefire.testng.TestNGXmlTestSuite.execute(TestNGXmlTestSuite.java:75)
	at org.apache.maven.surefire.testng.TestNGProvider.invoke(TestNGProvider.java:121)
	at org.apache.maven.surefire.booter.ForkedBooter.invokeProviderInSameClassLoader(ForkedBooter.java:290)
	at org.apache.maven.surefire.booter.ForkedBooter.runSuitesInProcess(ForkedBooter.java:242)
	at org.apache.maven.surefire.booter.ForkedBooter.main(ForkedBooter.java:121)
]]>
            </full-stacktrace>
          </exception> <!-- java.lang.NullPointerException -->
          <reporter-output>
          </reporter-output>
        </test-method> <!-- manager_Messages -->
        <test-method status="PASS" signature="reportWrapUp(org.testng.ITestResult, java.lang.reflect.Method)[pri:0, instance:testcases.TextmercatoEndEndFlow@3f49dace]" name="reportWrapUp" is-config="true" duration-ms="253" started-at="2018-08-03T18:23:07Z" finished-at="2018-08-03T18:23:08Z">
          <params>
            <param index="0">
              <value>
                <![CDATA[[TestResult name=manager_Messages status=FAILURE method=TextmercatoEndEndFlow.manager_Messages()[pri:11, instance:testcases.TextmercatoEndEndFlow@3f49dace] output={null}]]]>
              </value>
            </param>
            <param index="1">
              <value>
                <![CDATA[public void testcases.TextmercatoEndEndFlow.manager_Messages()]]>
              </value>
            </param>
          </params>
          <reporter-output>
          </reporter-output>
        </test-method> <!-- reportWrapUp -->
        <test-method status="PASS" signature="setUp(java.lang.reflect.Method)[pri:0, instance:testcases.TextmercatoEndEndFlow@3f49dace]" name="setUp" is-config="true" duration-ms="493" started-at="2018-08-03T18:23:08Z" finished-at="2018-08-03T18:23:08Z">
          <params>
            <param index="0">
              <value>
                <![CDATA[public void testcases.TextmercatoEndEndFlow.dashboardClientpage()]]>
              </value>
            </param>
          </params>
          <reporter-output>
          </reporter-output>
        </test-method> <!-- setUp -->
        <test-method status="FAIL" signature="dashboardClientpage()[pri:12, instance:testcases.TextmercatoEndEndFlow@3f49dace]" name="dashboardClientpage" duration-ms="40495" started-at="2018-08-03T18:23:08Z" finished-at="2018-08-03T18:23:48Z">
          <exception class="org.openqa.selenium.WebDriverException">
            <message>
              <![CDATA[unknown error: Element <input client_id="68" style=" width:100%; " title="Mark as Paid" class="mark_as_paid_datepicker client_id68" amount_to_be_paid="5664" amount_paid_by_client="" readonly="1"> is not clickable at point (931, 14). Other element would receive the click: <div class="modal bootstrap-dialog type-primary fade size-normal in" role="dialog" aria-hidden="true" id="80153e2b-bcef-4d67-ad2f-b5405b354f84" aria-labelledby="80153e2b-bcef-4d67-ad2f-b5405b354f84_title" tabindex="-1" style="z-index: 1050; display: block; padding-right: 15px;">...</div>
  (Session info: chrome=68.0.3440.84)
  (Driver info: chromedriver=2.38.552522 (437e6fbedfa8762dec75e2c5b3ddb86763dc9dcb),platform=Linux 4.15.0-29-generic x86_64) (WARNING: The server did not provide any stacktrace information)
Command duration or timeout: 0 milliseconds
Build info: version: '3.11.0', revision: 'e59cfb3', time: '2018-03-11T20:26:55.152Z'
System info: host: 'text-OptiPlex-3010', ip: '127.0.1.1', os.name: 'Linux', os.arch: 'amd64', os.version: '4.15.0-29-generic', java.version: '1.8.0_181'
Driver info: org.openqa.selenium.chrome.ChromeDriver
Capabilities {acceptInsecureCerts: false, acceptSslCerts: false, applicationCacheEnabled: false, browserConnectionEnabled: false, browserName: chrome, chrome: {chromedriverVersion: 2.38.552522 (437e6fbedfa876..., userDataDir: /tmp/.org.chromium.Chromium...}, cssSelectorsEnabled: true, databaseEnabled: false, handlesAlerts: true, hasTouchScreen: false, javascriptEnabled: true, locationContextEnabled: true, mobileEmulationEnabled: false, nativeEvents: true, networkConnectionEnabled: false, pageLoadStrategy: normal, platform: LINUX, platformName: LINUX, rotatable: false, setWindowRect: true, takesHeapSnapshot: true, takesScreenshot: true, unexpectedAlertBehaviour: , unhandledPromptBehavior: , version: 68.0.3440.84, webStorageEnabled: true}
Session ID: a0cb8a7a797c93535e3c6b051b6c0bb2]]>
            </message>
            <full-stacktrace>
              <![CDATA[org.openqa.selenium.WebDriverException: unknown error: Element <input client_id="68" style=" width:100%; " title="Mark as Paid" class="mark_as_paid_datepicker client_id68" amount_to_be_paid="5664" amount_paid_by_client="" readonly="1"> is not clickable at point (931, 14). Other element would receive the click: <div class="modal bootstrap-dialog type-primary fade size-normal in" role="dialog" aria-hidden="true" id="80153e2b-bcef-4d67-ad2f-b5405b354f84" aria-labelledby="80153e2b-bcef-4d67-ad2f-b5405b354f84_title" tabindex="-1" style="z-index: 1050; display: block; padding-right: 15px;">...</div>
  (Session info: chrome=68.0.3440.84)
  (Driver info: chromedriver=2.38.552522 (437e6fbedfa8762dec75e2c5b3ddb86763dc9dcb),platform=Linux 4.15.0-29-generic x86_64) (WARNING: The server did not provide any stacktrace information)
Command duration or timeout: 0 milliseconds
Build info: version: '3.11.0', revision: 'e59cfb3', time: '2018-03-11T20:26:55.152Z'
System info: host: 'text-OptiPlex-3010', ip: '127.0.1.1', os.name: 'Linux', os.arch: 'amd64', os.version: '4.15.0-29-generic', java.version: '1.8.0_181'
Driver info: org.openqa.selenium.chrome.ChromeDriver
Capabilities {acceptInsecureCerts: false, acceptSslCerts: false, applicationCacheEnabled: false, browserConnectionEnabled: false, browserName: chrome, chrome: {chromedriverVersion: 2.38.552522 (437e6fbedfa876..., userDataDir: /tmp/.org.chromium.Chromium...}, cssSelectorsEnabled: true, databaseEnabled: false, handlesAlerts: true, hasTouchScreen: false, javascriptEnabled: true, locationContextEnabled: true, mobileEmulationEnabled: false, nativeEvents: true, networkConnectionEnabled: false, pageLoadStrategy: normal, platform: LINUX, platformName: LINUX, rotatable: false, setWindowRect: true, takesHeapSnapshot: true, takesScreenshot: true, unexpectedAlertBehaviour: , unhandledPromptBehavior: , version: 68.0.3440.84, webStorageEnabled: true}
Session ID: a0cb8a7a797c93535e3c6b051b6c0bb2
	at sun.reflect.NativeConstructorAccessorImpl.newInstance0(Native Method)
	at sun.reflect.NativeConstructorAccessorImpl.newInstance(NativeConstructorAccessorImpl.java:62)
	at sun.reflect.DelegatingConstructorAccessorImpl.newInstance(DelegatingConstructorAccessorImpl.java:45)
	at java.lang.reflect.Constructor.newInstance(Constructor.java:423)
	at org.openqa.selenium.remote.ErrorHandler.createThrowable(ErrorHandler.java:214)
	at org.openqa.selenium.remote.ErrorHandler.throwIfResponseFailed(ErrorHandler.java:166)
	at org.openqa.selenium.remote.http.JsonHttpResponseCodec.reconstructValue(JsonHttpResponseCodec.java:40)
	at org.openqa.selenium.remote.http.AbstractHttpResponseCodec.decode(AbstractHttpResponseCodec.java:80)
	at org.openqa.selenium.remote.http.AbstractHttpResponseCodec.decode(AbstractHttpResponseCodec.java:44)
	at org.openqa.selenium.remote.HttpCommandExecutor.execute(HttpCommandExecutor.java:158)
	at org.openqa.selenium.remote.service.DriverCommandExecutor.execute(DriverCommandExecutor.java:83)
	at org.openqa.selenium.remote.RemoteWebDriver.execute(RemoteWebDriver.java:545)
	at org.openqa.selenium.remote.RemoteWebElement.execute(RemoteWebElement.java:279)
	at org.openqa.selenium.remote.RemoteWebElement.click(RemoteWebElement.java:83)
	at utils.WebBasePage.clickElementVisible(WebBasePage.java:62)
	at pageobjects.Manager.DashboardPage.selectPayMentData(DashboardPage.java:639)
	at pageobjects.Manager.DashboardPage.ClientTab(DashboardPage.java:776)
	at pageobjects.Manager.DashboardPage.Client(DashboardPage.java:788)
	at testcases.TextmercatoEndEndFlow.dashboardClientpage(TextmercatoEndEndFlow.java:207)
	at sun.reflect.NativeMethodAccessorImpl.invoke0(Native Method)
	at sun.reflect.NativeMethodAccessorImpl.invoke(NativeMethodAccessorImpl.java:62)
	at sun.reflect.DelegatingMethodAccessorImpl.invoke(DelegatingMethodAccessorImpl.java:43)
	at java.lang.reflect.Method.invoke(Method.java:498)
	at org.testng.internal.MethodInvocationHelper.invokeMethod(MethodInvocationHelper.java:85)
	at org.testng.internal.Invoker.invokeMethod(Invoker.java:639)
	at org.testng.internal.Invoker.invokeTestMethod(Invoker.java:816)
	at org.testng.internal.Invoker.invokeTestMethods(Invoker.java:1124)
	at org.testng.internal.TestMethodWorker.invokeTestMethods(TestMethodWorker.java:125)
	at org.testng.internal.TestMethodWorker.run(TestMethodWorker.java:108)
	at org.testng.TestRunner.privateRun(TestRunner.java:774)
	at org.testng.TestRunner.run(TestRunner.java:624)
	at org.testng.SuiteRunner.runTest(SuiteRunner.java:359)
	at org.testng.SuiteRunner.runSequentially(SuiteRunner.java:354)
	at org.testng.SuiteRunner.privateRun(SuiteRunner.java:312)
	at org.testng.SuiteRunner.run(SuiteRunner.java:261)
	at org.testng.SuiteRunnerWorker.runSuite(SuiteRunnerWorker.java:52)
	at org.testng.SuiteRunnerWorker.run(SuiteRunnerWorker.java:86)
	at org.testng.TestNG.runSuitesSequentially(TestNG.java:1191)
	at org.testng.TestNG.runSuitesLocally(TestNG.java:1116)
	at org.testng.TestNG.run(TestNG.java:1024)
	at org.apache.maven.surefire.testng.TestNGExecutor.run(TestNGExecutor.java:281)
	at org.apache.maven.surefire.testng.TestNGXmlTestSuite.execute(TestNGXmlTestSuite.java:75)
	at org.apache.maven.surefire.testng.TestNGProvider.invoke(TestNGProvider.java:121)
	at org.apache.maven.surefire.booter.ForkedBooter.invokeProviderInSameClassLoader(ForkedBooter.java:290)
	at org.apache.maven.surefire.booter.ForkedBooter.runSuitesInProcess(ForkedBooter.java:242)
	at org.apache.maven.surefire.booter.ForkedBooter.main(ForkedBooter.java:121)
]]>
            </full-stacktrace>
          </exception> <!-- org.openqa.selenium.WebDriverException -->
          <reporter-output>
          </reporter-output>
        </test-method> <!-- dashboardClientpage -->
        <test-method status="PASS" signature="reportWrapUp(org.testng.ITestResult, java.lang.reflect.Method)[pri:0, instance:testcases.TextmercatoEndEndFlow@3f49dace]" name="reportWrapUp" is-config="true" duration-ms="192" started-at="2018-08-03T18:23:48Z" finished-at="2018-08-03T18:23:49Z">
          <params>
            <param index="0">
              <value>
                <![CDATA[[TestResult name=dashboardClientpage status=FAILURE method=TextmercatoEndEndFlow.dashboardClientpage()[pri:12, instance:testcases.TextmercatoEndEndFlow@3f49dace] output={null}]]]>
              </value>
            </param>
            <param index="1">
              <value>
                <![CDATA[public void testcases.TextmercatoEndEndFlow.dashboardClientpage()]]>
              </value>
            </param>
          </params>
          <reporter-output>
          </reporter-output>
        </test-method> <!-- reportWrapUp -->
        <test-method status="PASS" signature="close()[pri:0, instance:testcases.TextmercatoEndEndFlow@3f49dace]" name="close" is-config="true" duration-ms="271" started-at="2018-08-03T18:23:49Z" finished-at="2018-08-03T18:23:49Z">
          <reporter-output>
          </reporter-output>
        </test-method> <!-- close -->
      </class> <!-- testcases.TextmercatoEndEndFlow -->
    </test> <!-- TestName -->
  </suite> <!-- Suite -->
</testng-results>
